TN:
SF:src\services\application.service.ts
FN:9,createApplication
FN:51,getUserApplications
FN:71,getApplicationById
FNF:3
FNH:3
FNDA:5,createApplication
FNDA:2,getUserApplications
FNDA:4,getApplicationById
DA:11,5
DA:15,5
DA:16,0
DA:19,5
DA:20,1
DA:23,4
DA:27,4
DA:28,1
DA:31,3
DA:32,1
DA:35,2
DA:36,1
DA:39,1
DA:48,1
DA:52,2
DA:72,4
DA:89,4
DA:90,1
DA:93,3
DA:94,1
DA:97,2
LF:21
LH:20
BRDA:15,0,0,0
BRDA:15,0,1,5
BRDA:19,1,0,1
BRDA:19,1,1,4
BRDA:27,2,0,1
BRDA:27,2,1,3
BRDA:31,3,0,1
BRDA:31,3,1,2
BRDA:35,4,0,1
BRDA:35,4,1,1
BRDA:89,5,0,1
BRDA:89,5,1,3
BRDA:93,6,0,1
BRDA:93,6,1,2
BRDA:93,7,0,3
BRDA:93,7,1,2
BRF:16
BRH:15
end_of_record
TN:
SF:src\services\auth.service.ts
FN:13,registerUser
FN:39,loginUser
FNF:2
FNH:2
FNDA:2,registerUser
FNDA:3,loginUser
DA:14,2
DA:18,2
DA:19,1
DA:22,1
DA:24,1
DA:35,1
DA:36,1
DA:40,3
DA:44,3
DA:45,1
DA:48,2
DA:50,2
DA:51,1
DA:54,1
DA:60,1
DA:62,1
LF:16
LH:16
BRDA:18,0,0,1
BRDA:18,0,1,1
BRDA:44,1,0,1
BRDA:44,1,1,2
BRDA:50,2,0,1
BRDA:50,2,1,1
BRF:6
BRH:6
end_of_record
TN:
SF:src\services\vehicle.service.ts
FN:5,getVehicles
FN:65,getVehicleById
FNF:2
FNH:2
FNDA:6,getVehicles
FNDA:2,getVehicleById
DA:10,6
DA:14,6
DA:15,6
DA:19,6
DA:20,6
DA:21,6
DA:22,6
DA:23,6
DA:24,6
DA:26,6
DA:27,1
DA:28,1
DA:29,1
DA:32,6
DA:33,1
DA:34,1
DA:35,1
DA:38,6
DA:39,1
DA:40,1
DA:41,1
DA:44,6
DA:46,6
DA:56,6
DA:66,2
LF:25
LH:25
BRDA:14,0,0,1
BRDA:14,0,1,5
BRDA:15,1,0,1
BRDA:15,1,1,5
BRDA:19,2,0,0
BRDA:19,2,1,6
BRDA:20,3,0,0
BRDA:20,3,1,6
BRDA:21,4,0,0
BRDA:21,4,1,6
BRDA:22,5,0,0
BRDA:22,5,1,6
BRDA:23,6,0,0
BRDA:23,6,1,6
BRDA:24,7,0,0
BRDA:24,7,1,6
BRDA:26,8,0,1
BRDA:26,8,1,5
BRDA:26,9,0,6
BRDA:26,9,1,5
BRDA:28,10,0,1
BRDA:28,10,1,0
BRDA:29,11,0,1
BRDA:29,11,1,0
BRDA:32,12,0,1
BRDA:32,12,1,5
BRDA:32,13,0,6
BRDA:32,13,1,5
BRDA:34,14,0,1
BRDA:34,14,1,0
BRDA:35,15,0,1
BRDA:35,15,1,0
BRDA:38,16,0,1
BRDA:38,16,1,5
BRDA:38,17,0,6
BRDA:38,17,1,5
BRDA:40,18,0,1
BRDA:40,18,1,0
BRDA:41,19,0,1
BRDA:41,19,1,0
BRF:40
BRH:28
end_of_record
